[2014-12-03 15:55:26] myapp.INFO: Matched route "_locale" (parameters: "locale": "en", "_controller": "{}", "_route": "_locale") [] []
[2014-12-03 15:55:26] myapp.INFO: > GET /skeleton [] []
[2014-12-03 15:55:26] myapp.INFO: < 200 [] []
[2014-12-03 16:13:48] myapp.INFO: Matched route "_locale" (parameters: "locale": "en", "_controller": "{}", "_route": "_locale") [] []
[2014-12-03 16:13:48] myapp.INFO: > GET /skeleton [] []
[2014-12-03 16:13:49] myapp.INFO: < 200 [] []
[2014-12-03 16:17:07] myapp.INFO: Matched route "_locale" (parameters: "locale": "en", "_controller": "{}", "_route": "_locale") [] []
[2014-12-03 16:17:07] myapp.INFO: > GET /skeleton [] []
[2014-12-03 16:17:07] myapp.INFO: Matched route "_locale" (parameters: "locale": "en", "_controller": "{}", "_route": "_locale") [] []
[2014-12-03 16:17:07] myapp.INFO: > GET /skeleton [] []
[2014-12-03 16:17:08] myapp.INFO: < 200 [] []
[2014-12-03 16:17:08] myapp.INFO: < 200 [] []
[2014-12-03 16:17:09] myapp.INFO: Matched route "_locale" (parameters: "locale": "en", "_controller": "{}", "_route": "_locale") [] []
[2014-12-03 16:17:09] myapp.INFO: > GET /skeleton [] []
[2014-12-03 16:17:09] myapp.INFO: < 200 [] []
[2014-12-03 16:25:57] myapp.INFO: Matched route "_name" (parameters: "_controller": "{}", "name": "World", "_route": "_name") [] []
[2014-12-03 16:25:57] myapp.INFO: > GET /skeleton [] []
[2014-12-03 16:25:57] myapp.INFO: < 200 [] []
[2014-12-03 16:25:58] myapp.INFO: Matched route "_name" (parameters: "_controller": "{}", "name": "World", "_route": "_name") [] []
[2014-12-03 16:25:58] myapp.INFO: > GET /skeleton [] []
[2014-12-03 16:25:58] myapp.INFO: < 200 [] []
[2014-12-03 16:26:02] myapp.INFO: Matched route "_name" (parameters: "_controller": "{}", "name": "Alex", "_route": "_name") [] []
[2014-12-03 16:26:02] myapp.INFO: > GET /skeleton/Alex [] []
[2014-12-03 16:26:02] myapp.INFO: < 200 [] []
[2014-12-03 16:30:36] myapp.INFO: Matched route "_name" (parameters: "_controller": "{}", "name": "Alex", "_route": "_name") [] []
[2014-12-03 16:30:37] myapp.INFO: > GET /skeleton/Alex [] []
[2014-12-03 16:30:37] myapp.INFO: < 200 [] []
[2014-12-03 16:30:48] myapp.INFO: Matched route "_name" (parameters: "_controller": "{}", "name": "mail", "_route": "_name") [] []
[2014-12-03 16:30:48] myapp.INFO: > GET /skeleton/mail [] []
[2014-12-03 16:30:48] myapp.INFO: < 200 [] []
[2014-12-03 16:31:54] myapp.INFO: Matched route "_mail" (parameters: "_controller": "{}", "_route": "_mail") [] []
[2014-12-03 16:31:55] myapp.INFO: > GET /skeleton/mail [] []
[2014-12-03 16:33:34] myapp.INFO: Matched route "_mail" (parameters: "_controller": "{}", "_route": "_mail") [] []
[2014-12-03 16:33:34] myapp.INFO: > GET /skeleton/mail [] []
[2014-12-03 16:33:35] myapp.INFO: Matched route "_mail" (parameters: "_controller": "{}", "_route": "_mail") [] []
[2014-12-03 16:33:35] myapp.INFO: > GET /skeleton/mail [] []
[2014-12-03 16:33:36] myapp.INFO: Matched route "_mail" (parameters: "_controller": "{}", "_route": "_mail") [] []
[2014-12-03 16:33:36] myapp.INFO: > GET /skeleton/mail [] []
[2014-12-03 16:33:37] myapp.INFO: Matched route "_mail" (parameters: "_controller": "{}", "_route": "_mail") [] []
[2014-12-03 16:33:37] myapp.INFO: > GET /skeleton/mail [] []
[2014-12-03 16:33:37] myapp.INFO: Matched route "_mail" (parameters: "_controller": "{}", "_route": "_mail") [] []
[2014-12-03 16:33:37] myapp.INFO: > GET /skeleton/mail [] []
[2014-12-03 16:34:34] myapp.INFO: Matched route "_mail" (parameters: "_controller": "{}", "_route": "_mail") [] []
[2014-12-03 16:34:34] myapp.INFO: > GET /skeleton/mail [] []
[2014-12-03 16:37:23] myapp.INFO: Matched route "_mail" (parameters: "_controller": "{}", "_route": "_mail") [] []
[2014-12-03 16:37:23] myapp.INFO: > GET /skeleton/mail [] []
[2014-12-03 16:37:26] myapp.INFO: Matched route "_mail" (parameters: "_controller": "{}", "_route": "_mail") [] []
[2014-12-03 16:37:26] myapp.INFO: > GET /skeleton/mail [] []
[2014-12-03 16:37:26] myapp.CRITICAL: LogicException: The controller must return a response (null given). Did you forget to add a return statement somewhere in your controller? (uncaught exception) at /home/vagrant/www/skeleton/vendor/symfony/http-kernel/Symfony/Component/HttpKernel/HttpKernel.php line 163 {"exception":"[object] (LogicException: The controller must return a response (null given). Did you forget to add a return statement somewhere in your controller? at /home/vagrant/www/skeleton/vendor/symfony/http-kernel/Symfony/Component/HttpKernel/HttpKernel.php:163)"} []
[2014-12-03 16:37:26] myapp.INFO: < 500 [] []
[2014-12-03 16:38:06] myapp.INFO: Matched route "_mail" (parameters: "_controller": "{}", "_route": "_mail") [] []
[2014-12-03 16:38:06] myapp.INFO: > GET /skeleton/mail [] []
[2014-12-03 16:38:06] myapp.CRITICAL: LogicException: The controller must return a response (null given). Did you forget to add a return statement somewhere in your controller? (uncaught exception) at /home/vagrant/www/skeleton/vendor/symfony/http-kernel/Symfony/Component/HttpKernel/HttpKernel.php line 163 {"exception":"[object] (LogicException: The controller must return a response (null given). Did you forget to add a return statement somewhere in your controller? at /home/vagrant/www/skeleton/vendor/symfony/http-kernel/Symfony/Component/HttpKernel/HttpKernel.php:163)"} []
[2014-12-03 16:38:06] myapp.INFO: < 500 [] []
[2014-12-03 16:38:49] myapp.INFO: Matched route "_mail" (parameters: "_controller": "{}", "_route": "_mail") [] []
[2014-12-03 16:38:49] myapp.INFO: > GET /skeleton/mail [] []
[2014-12-03 16:38:49] myapp.INFO: < 200 [] []
[2014-12-03 16:43:50] myapp.INFO: Matched route "_name" (parameters: "_controller": "{}", "name": "mail", "_route": "_name") [] []
[2014-12-03 16:43:50] myapp.INFO: > GET /skeleton/mail [] []
[2014-12-03 16:43:50] myapp.INFO: < 200 [] []
[2014-12-03 16:44:04] myapp.INFO: Matched route "_name" (parameters: "_controller": "{}", "name": "mail", "_route": "_name") [] []
[2014-12-03 16:44:04] myapp.INFO: > GET /skeleton/mail [] []
[2014-12-03 16:44:04] myapp.INFO: < 200 [] []
[2014-12-03 16:44:07] myapp.INFO: Matched route "_feedback" (parameters: "_controller": "{}", "_route": "_feedback") [] []
[2014-12-03 16:44:07] myapp.INFO: > GET /skeleton/feedback [] []
[2014-12-03 16:44:07] myapp.INFO: < 200 [] []
[2014-12-03 16:57:08] myapp.INFO: Matched route "_feedback" (parameters: "_controller": "{}", "_route": "_feedback") [] []
[2014-12-03 16:57:08] myapp.INFO: > GET /skeleton/feedback [] []
[2014-12-03 16:57:08] myapp.INFO: < 200 [] []
[2014-12-03 16:57:13] myapp.INFO: Matched route "_validate" (parameters: "_controller": "{}", "_route": "_validate") [] []
[2014-12-03 16:57:14] myapp.INFO: > GET /skeleton/validate [] []
[2014-12-03 17:05:26] myapp.INFO: Matched route "_validate" (parameters: "_controller": "{}", "_route": "_validate") [] []
[2014-12-03 17:05:26] myapp.INFO: > GET /skeleton/validate [] []
[2014-12-03 17:06:22] myapp.INFO: Matched route "_validate" (parameters: "_controller": "{}", "_route": "_validate") [] []
[2014-12-03 17:06:22] myapp.INFO: > GET /skeleton/validate [] []
[2014-12-03 17:06:22] myapp.CRITICAL: Symfony\Component\Debug\Exception\ContextErrorException: Notice: Undefined variable: errors (uncaught exception) at /home/vagrant/www/skeleton/app/routes.php line 35 {"exception":"[object] (Symfony\\Component\\Debug\\Exception\\ContextErrorException: Notice: Undefined variable: errors at /home/vagrant/www/skeleton/app/routes.php:35)"} []
[2014-12-03 17:06:22] myapp.INFO: < 500 [] []
[2014-12-03 17:06:30] myapp.INFO: Matched route "_validate" (parameters: "_controller": "{}", "_route": "_validate") [] []
[2014-12-03 17:06:30] myapp.INFO: > GET /skeleton/validate [] []
[2014-12-03 17:06:30] myapp.INFO: < 200 [] []
[2014-12-03 17:06:39] myapp.INFO: Matched route "_validate" (parameters: "_controller": "{}", "_route": "_validate") [] []
[2014-12-03 17:06:39] myapp.INFO: > GET /skeleton/validate [] []
[2014-12-03 17:06:39] myapp.INFO: < 200 [] []
[2014-12-03 17:06:51] myapp.INFO: Matched route "_validate" (parameters: "_controller": "{}", "_route": "_validate") [] []
[2014-12-03 17:06:51] myapp.INFO: > GET /skeleton/validate [] []
[2014-12-03 17:08:30] myapp.INFO: Matched route "_validate" (parameters: "_controller": "{}", "_route": "_validate") [] []
[2014-12-03 17:08:30] myapp.INFO: > GET /skeleton/validate [] []
[2014-12-03 17:08:31] myapp.INFO: < 200 [] []
[2014-12-03 17:08:46] myapp.INFO: Matched route "_validate" (parameters: "_controller": "{}", "_route": "_validate") [] []
[2014-12-03 17:08:46] myapp.INFO: > GET /skeleton/validate [] []
[2014-12-03 17:10:11] myapp.INFO: Matched route "_validate" (parameters: "_controller": "{}", "_route": "_validate") [] []
[2014-12-03 17:10:12] myapp.INFO: > GET /skeleton/validate [] []
[2014-12-03 17:10:40] myapp.INFO: Matched route "_validate" (parameters: "_controller": "{}", "_route": "_validate") [] []
[2014-12-03 17:10:40] myapp.INFO: > GET /skeleton/validate [] []
[2014-12-03 17:10:53] myapp.INFO: Matched route "_validate" (parameters: "_controller": "{}", "_route": "_validate") [] []
[2014-12-03 17:10:53] myapp.INFO: > GET /skeleton/validate [] []
[2014-12-03 17:11:12] myapp.INFO: Matched route "_validate" (parameters: "_controller": "{}", "_route": "_validate") [] []
[2014-12-03 17:11:12] myapp.INFO: > GET /skeleton/validate [] []
[2014-12-03 17:11:47] myapp.INFO: Matched route "_validate" (parameters: "_controller": "{}", "_route": "_validate") [] []
[2014-12-03 17:11:47] myapp.INFO: > GET /skeleton/validate [] []
[2014-12-03 17:11:57] myapp.INFO: Matched route "_validate" (parameters: "_controller": "{}", "_route": "_validate") [] []
[2014-12-03 17:11:57] myapp.INFO: > GET /skeleton/validate [] []
[2014-12-03 17:14:02] myapp.INFO: Matched route "_validate" (parameters: "_controller": "{}", "_route": "_validate") [] []
[2014-12-03 17:14:02] myapp.INFO: > GET /skeleton/validate [] []
[2014-12-03 17:14:02] myapp.INFO: < 200 [] []
[2014-12-03 17:14:18] myapp.INFO: Matched route "_validate" (parameters: "_controller": "{}", "_route": "_validate") [] []
[2014-12-03 17:14:18] myapp.INFO: > GET /skeleton/validate [] []
[2014-12-03 17:14:18] myapp.INFO: < 200 [] []
[2014-12-03 17:15:55] myapp.INFO: Matched route "_validate" (parameters: "_controller": "{}", "_route": "_validate") [] []
[2014-12-03 17:15:55] myapp.INFO: > GET /skeleton/validate [] []
[2014-12-03 17:15:55] myapp.INFO: < 200 [] []
[2014-12-03 17:16:14] myapp.INFO: Matched route "_validate" (parameters: "_controller": "{}", "_route": "_validate") [] []
[2014-12-03 17:16:14] myapp.INFO: > GET /skeleton/validate [] []
[2014-12-03 17:16:14] myapp.INFO: < 200 [] []
[2014-12-03 17:16:15] myapp.INFO: Matched route "_validate" (parameters: "_controller": "{}", "_route": "_validate") [] []
[2014-12-03 17:16:15] myapp.INFO: > GET /skeleton/validate [] []
[2014-12-03 17:16:15] myapp.INFO: < 200 [] []
[2014-12-03 17:16:39] myapp.INFO: Matched route "_validate" (parameters: "_controller": "{}", "_route": "_validate") [] []
[2014-12-03 17:16:39] myapp.INFO: > GET /skeleton/validate [] []
[2014-12-03 17:16:55] myapp.INFO: Matched route "_validate" (parameters: "_controller": "{}", "_route": "_validate") [] []
[2014-12-03 17:16:55] myapp.INFO: > GET /skeleton/validate [] []
[2014-12-03 17:17:11] myapp.INFO: Matched route "_validate" (parameters: "_controller": "{}", "_route": "_validate") [] []
[2014-12-03 17:17:11] myapp.INFO: > GET /skeleton/validate [] []
[2014-12-03 17:17:23] myapp.INFO: Matched route "_validate" (parameters: "_controller": "{}", "_route": "_validate") [] []
[2014-12-03 17:17:23] myapp.INFO: > GET /skeleton/validate [] []
[2014-12-03 17:17:43] myapp.INFO: Matched route "_validate" (parameters: "_controller": "{}", "_route": "_validate") [] []
[2014-12-03 17:17:43] myapp.INFO: > GET /skeleton/validate [] []
[2014-12-03 17:17:44] myapp.INFO: Matched route "_validate" (parameters: "_controller": "{}", "_route": "_validate") [] []
[2014-12-03 17:17:44] myapp.INFO: > GET /skeleton/validate [] []
[2014-12-03 17:17:55] myapp.INFO: Matched route "_validate" (parameters: "_controller": "{}", "_route": "_validate") [] []
[2014-12-03 17:17:55] myapp.INFO: > GET /skeleton/validate [] []
[2014-12-03 17:19:33] myapp.INFO: Matched route "_validate" (parameters: "_controller": "{}", "_route": "_validate") [] []
[2014-12-03 17:19:33] myapp.INFO: > GET /skeleton/validate [] []
[2014-12-03 17:19:33] myapp.INFO: < 200 [] []
[2014-12-03 17:21:27] myapp.INFO: Matched route "_swiftmailer" (parameters: "_controller": "{}", "_route": "_swiftmailer") [] []
[2014-12-03 17:21:27] myapp.INFO: > GET /skeleton/swiftmailer [] []
[2014-12-03 17:21:27] myapp.ERROR: Symfony\Component\HttpKernel\Exception\HttpException:  (uncaught exception) at /home/vagrant/www/skeleton/vendor/silex/silex/src/Silex/Application.php line 373 {"exception":"[object] (Symfony\\Component\\HttpKernel\\Exception\\HttpException:  at /home/vagrant/www/skeleton/vendor/silex/silex/src/Silex/Application.php:373)"} []
[2014-12-03 17:21:38] myapp.INFO: Matched route "_swiftmailer" (parameters: "_controller": "{}", "_route": "_swiftmailer") [] []
[2014-12-03 17:21:38] myapp.INFO: > GET /skeleton/swiftmailer [] []
[2014-12-03 17:21:38] myapp.ERROR: Symfony\Component\HttpKernel\Exception\HttpException: 404 (uncaught exception) at /home/vagrant/www/skeleton/vendor/silex/silex/src/Silex/Application.php line 373 {"exception":"[object] (Symfony\\Component\\HttpKernel\\Exception\\HttpException: 404 at /home/vagrant/www/skeleton/vendor/silex/silex/src/Silex/Application.php:373)"} []
[2014-12-03 17:22:06] myapp.INFO: Matched route "_swiftmailer" (parameters: "_controller": "{}", "_route": "_swiftmailer") [] []
[2014-12-03 17:22:06] myapp.INFO: > GET /skeleton/swiftmailer [] []
[2014-12-03 17:22:06] myapp.ERROR: Symfony\Component\HttpKernel\Exception\HttpException:  (uncaught exception) at /home/vagrant/www/skeleton/vendor/silex/silex/src/Silex/Application.php line 373 {"exception":"[object] (Symfony\\Component\\HttpKernel\\Exception\\HttpException:  at /home/vagrant/www/skeleton/vendor/silex/silex/src/Silex/Application.php:373)"} []
[2014-12-03 17:22:07] myapp.INFO: Matched route "_swiftmailer" (parameters: "_controller": "{}", "_route": "_swiftmailer") [] []
[2014-12-03 17:22:07] myapp.INFO: > GET /skeleton/swiftmailer [] []
[2014-12-03 17:22:07] myapp.ERROR: Symfony\Component\HttpKernel\Exception\HttpException:  (uncaught exception) at /home/vagrant/www/skeleton/vendor/silex/silex/src/Silex/Application.php line 373 {"exception":"[object] (Symfony\\Component\\HttpKernel\\Exception\\HttpException:  at /home/vagrant/www/skeleton/vendor/silex/silex/src/Silex/Application.php:373)"} []
[2014-12-03 17:22:22] myapp.INFO: Matched route "_swiftmailer" (parameters: "_controller": "{}", "_route": "_swiftmailer") [] []
[2014-12-03 17:22:22] myapp.INFO: > GET /skeleton/swiftmailer [] []
[2014-12-03 17:22:22] myapp.ERROR: Symfony\Component\HttpKernel\Exception\HttpException:  (uncaught exception) at /home/vagrant/www/skeleton/vendor/silex/silex/src/Silex/Application.php line 373 {"exception":"[object] (Symfony\\Component\\HttpKernel\\Exception\\HttpException:  at /home/vagrant/www/skeleton/vendor/silex/silex/src/Silex/Application.php:373)"} []
[2014-12-03 17:22:23] myapp.INFO: Matched route "_swiftmailer" (parameters: "_controller": "{}", "_route": "_swiftmailer") [] []
[2014-12-03 17:22:23] myapp.INFO: > GET /skeleton/swiftmailer [] []
[2014-12-03 17:22:23] myapp.ERROR: Symfony\Component\HttpKernel\Exception\HttpException:  (uncaught exception) at /home/vagrant/www/skeleton/vendor/silex/silex/src/Silex/Application.php line 373 {"exception":"[object] (Symfony\\Component\\HttpKernel\\Exception\\HttpException:  at /home/vagrant/www/skeleton/vendor/silex/silex/src/Silex/Application.php:373)"} []
[2014-12-03 17:27:43] myapp.INFO: Matched route "_swiftmailer" (parameters: "_controller": "{}", "_route": "_swiftmailer") [] []
[2014-12-03 17:27:43] myapp.INFO: > GET /skeleton/swiftmailer [] []
[2014-12-03 17:27:43] myapp.INFO: < 200 [] []
[2014-12-03 17:27:46] myapp.INFO: Matched route "_swiftmailer" (parameters: "_controller": "{}", "_route": "_swiftmailer") [] []
[2014-12-03 17:27:46] myapp.INFO: > GET /skeleton/swiftmailer [] []
[2014-12-03 17:27:46] myapp.ERROR: Symfony\Component\HttpKernel\Exception\HttpException:  (uncaught exception) at /home/vagrant/www/skeleton/vendor/silex/silex/src/Silex/Application.php line 373 {"exception":"[object] (Symfony\\Component\\HttpKernel\\Exception\\HttpException:  at /home/vagrant/www/skeleton/vendor/silex/silex/src/Silex/Application.php:373)"} []
[2014-12-03 17:34:04] myapp.INFO: Matched route "_swiftmailer" (parameters: "_controller": "{}", "_route": "_swiftmailer") [] []
[2014-12-03 17:34:04] myapp.INFO: > GET /skeleton/swiftmailer [] []
[2014-12-03 17:34:04] myapp.ERROR: Symfony\Component\HttpKernel\Exception\HttpException: this is not working (uncaught exception) at /home/vagrant/www/skeleton/vendor/silex/silex/src/Silex/Application.php line 373 {"exception":"[object] (Symfony\\Component\\HttpKernel\\Exception\\HttpException: this is not working at /home/vagrant/www/skeleton/vendor/silex/silex/src/Silex/Application.php:373)"} []
[2014-12-03 17:34:04] myapp.INFO: < 404 [] []
[2014-12-03 17:34:17] myapp.INFO: Matched route "_swiftmailer" (parameters: "_controller": "{}", "_route": "_swiftmailer") [] []
[2014-12-03 17:34:17] myapp.INFO: > GET /skeleton/swiftmailer [] []
[2014-12-03 17:34:17] myapp.ERROR: Symfony\Component\HttpKernel\Exception\HttpException: this is not working (uncaught exception) at /home/vagrant/www/skeleton/vendor/silex/silex/src/Silex/Application.php line 373 {"exception":"[object] (Symfony\\Component\\HttpKernel\\Exception\\HttpException: this is not working at /home/vagrant/www/skeleton/vendor/silex/silex/src/Silex/Application.php:373)"} []
[2014-12-03 17:34:17] myapp.INFO: < 404 [] []
[2014-12-03 17:34:49] myapp.INFO: Matched route "_swiftmailer" (parameters: "_controller": "{}", "_route": "_swiftmailer") [] []
[2014-12-03 17:34:49] myapp.INFO: > GET /skeleton/swiftmailer [] []
[2014-12-03 17:34:59] myapp.INFO: Matched route "_swiftmailer" (parameters: "_controller": "{}", "_route": "_swiftmailer") [] []
[2014-12-03 17:34:59] myapp.INFO: > GET /skeleton/swiftmailer [] []
[2014-12-03 17:34:59] myapp.ERROR: Symfony\Component\HttpKernel\Exception\HttpException: foo (uncaught exception) at /home/vagrant/www/skeleton/vendor/silex/silex/src/Silex/Application.php line 373 {"exception":"[object] (Symfony\\Component\\HttpKernel\\Exception\\HttpException: foo at /home/vagrant/www/skeleton/vendor/silex/silex/src/Silex/Application.php:373)"} []
[2014-12-03 17:34:59] myapp.INFO: < 404 [] []
[2014-12-03 17:35:02] myapp.INFO: Matched route "_swiftmailer" (parameters: "_controller": "{}", "_route": "_swiftmailer") [] []
[2014-12-03 17:35:02] myapp.INFO: > GET /skeleton/swiftmailer [] []
[2014-12-03 17:35:02] myapp.ERROR: Symfony\Component\HttpKernel\Exception\HttpException: foo (uncaught exception) at /home/vagrant/www/skeleton/vendor/silex/silex/src/Silex/Application.php line 373 {"exception":"[object] (Symfony\\Component\\HttpKernel\\Exception\\HttpException: foo at /home/vagrant/www/skeleton/vendor/silex/silex/src/Silex/Application.php:373)"} []
[2014-12-03 17:35:02] myapp.INFO: < 404 [] []
[2014-12-03 17:35:17] myapp.INFO: Matched route "_swiftmailer" (parameters: "_controller": "{}", "_route": "_swiftmailer") [] []
[2014-12-03 17:35:17] myapp.INFO: > GET /skeleton/swiftmailer [] []
[2014-12-03 17:35:17] myapp.ERROR: Symfony\Component\HttpKernel\Exception\HttpException: foo (uncaught exception) at /home/vagrant/www/skeleton/vendor/silex/silex/src/Silex/Application.php line 373 {"exception":"[object] (Symfony\\Component\\HttpKernel\\Exception\\HttpException: foo at /home/vagrant/www/skeleton/vendor/silex/silex/src/Silex/Application.php:373)"} []
[2014-12-03 17:35:17] myapp.INFO: < 404 [] []
[2014-12-03 17:36:39] myapp.INFO: Matched route "_swiftmailer" (parameters: "_controller": "{}", "_route": "_swiftmailer") [] []
[2014-12-03 17:36:39] myapp.INFO: > GET /skeleton/swiftmailer [] []
[2014-12-03 17:36:39] myapp.INFO: < 200 [] []
[2014-12-03 17:36:44] myapp.INFO: Matched route "_swiftmailer" (parameters: "_controller": "{}", "_route": "_swiftmailer") [] []
[2014-12-03 17:36:44] myapp.INFO: > GET /skeleton/swiftmailer [] []
[2014-12-03 17:36:44] myapp.CRITICAL: Symfony\Component\HttpKernel\Exception\HttpException: There was an error sending the email (uncaught exception) at /home/vagrant/www/skeleton/vendor/silex/silex/src/Silex/Application.php line 373 {"exception":"[object] (Symfony\\Component\\HttpKernel\\Exception\\HttpException: There was an error sending the email at /home/vagrant/www/skeleton/vendor/silex/silex/src/Silex/Application.php:373)"} []
[2014-12-03 17:36:44] myapp.INFO: < 500 [] []
[2014-12-03 17:36:48] myapp.INFO: Matched route "_swiftmailer" (parameters: "_controller": "{}", "_route": "_swiftmailer") [] []
[2014-12-03 17:36:48] myapp.INFO: > GET /skeleton/swiftmailer [] []
[2014-12-03 17:36:49] myapp.CRITICAL: Symfony\Component\HttpKernel\Exception\HttpException: There was an error sending the email (uncaught exception) at /home/vagrant/www/skeleton/vendor/silex/silex/src/Silex/Application.php line 373 {"exception":"[object] (Symfony\\Component\\HttpKernel\\Exception\\HttpException: There was an error sending the email at /home/vagrant/www/skeleton/vendor/silex/silex/src/Silex/Application.php:373)"} []
[2014-12-03 17:36:49] myapp.INFO: < 500 [] []
[2014-12-03 17:36:56] myapp.INFO: Matched route "_swiftmailer" (parameters: "_controller": "{}", "_route": "_swiftmailer") [] []
[2014-12-03 17:36:56] myapp.INFO: > GET /skeleton/swiftmailer [] []
[2014-12-03 17:36:56] myapp.INFO: < 200 [] []
[2014-12-03 17:40:31] myapp.INFO: Matched route "_swiftmailer" (parameters: "_controller": "{}", "_route": "_swiftmailer") [] []
[2014-12-03 17:40:31] myapp.INFO: > GET /skeleton/swiftmailer [] []
[2014-12-03 17:40:32] myapp.INFO: < 200 [] []
[2014-12-03 17:40:36] myapp.INFO: Matched route "GET_account" (parameters: "_controller": "{}", "_route": "GET_account") [] []
[2014-12-03 17:40:36] myapp.INFO: > GET /skeleton/account [] []
[2014-12-03 17:40:36] myapp.INFO: < 302 /login [] []
[2014-12-03 17:40:48] myapp.INFO: Matched route "_swiftmailer" (parameters: "_controller": "{}", "_route": "_swiftmailer") [] []
[2014-12-03 17:40:48] myapp.INFO: > GET /skeleton/swiftmailer [] []
[2014-12-03 17:40:49] myapp.INFO: < 200 [] []
[2014-12-03 17:40:51] myapp.INFO: Matched route "GET_account" (parameters: "_controller": "{}", "_route": "GET_account") [] []
[2014-12-03 17:40:51] myapp.INFO: > GET /skeleton/account [] []
[2014-12-03 17:40:51] myapp.INFO: < 302 login [] []
[2014-12-03 17:40:51] myapp.INFO: Matched route "GET_login" (parameters: "_controller": "{}", "_route": "GET_login") [] []
[2014-12-03 17:40:51] myapp.INFO: > GET /skeleton/login [] []
[2014-12-03 17:41:18] myapp.INFO: Matched route "GET_login" (parameters: "_controller": "{}", "_route": "GET_login") [] []
[2014-12-03 17:41:18] myapp.INFO: > GET /skeleton/login [] []
[2014-12-03 17:41:18] myapp.INFO: < 401 [] []
[2014-12-03 17:41:21] myapp.INFO: Matched route "GET_login" (parameters: "_controller": "{}", "_route": "GET_login") [] []
[2014-12-03 17:41:21] myapp.INFO: > GET /skeleton/login [] []
[2014-12-03 17:41:21] myapp.INFO: < 401 [] []
[2014-12-03 17:41:31] myapp.INFO: Matched route "GET_login" (parameters: "_controller": "{}", "_route": "GET_login") [] []
[2014-12-03 17:41:31] myapp.INFO: > GET /skeleton/login [] []
[2014-12-03 17:41:31] myapp.INFO: < 401 [] []
[2014-12-03 17:41:36] myapp.INFO: Matched route "GET_login" (parameters: "_controller": "{}", "_route": "GET_login") [] []
[2014-12-03 17:41:36] myapp.INFO: > GET /skeleton/login [] []
[2014-12-03 17:41:36] myapp.INFO: < 302 account [] []
[2014-12-03 17:41:36] myapp.INFO: Matched route "GET_account" (parameters: "_controller": "{}", "_route": "GET_account") [] []
[2014-12-03 17:41:36] myapp.INFO: > GET /skeleton/account [] []
[2014-12-03 17:41:36] myapp.INFO: < 200 [] []
[2014-12-03 17:42:39] myapp.INFO: Matched route "GET_account" (parameters: "_controller": "{}", "_route": "GET_account") [] []
[2014-12-03 17:42:39] myapp.INFO: > GET /skeleton/account [] []
[2014-12-03 17:42:39] myapp.INFO: < 200 [] []
[2014-12-03 17:58:57] myapp.INFO: Matched route "GET_account" (parameters: "_controller": "{}", "_route": "GET_account") [] []
[2014-12-03 17:58:57] myapp.INFO: > GET /skeleton/account [] []
[2014-12-03 17:58:57] myapp.INFO: < 200 [] []
[2014-12-03 17:59:00] myapp.INFO: Matched route "_name" (parameters: "_controller": "{}", "name": "World", "_route": "_name") [] []
[2014-12-03 17:59:00] myapp.INFO: > GET /skeleton/ [] []
[2014-12-03 17:59:00] myapp.INFO: < 200 [] []
[2014-12-03 21:54:55] myapp.INFO: Matched route "_name" (parameters: "_controller": "{}", "name": "World", "_route": "_name") [] []
[2014-12-03 21:54:55] myapp.INFO: > GET /skeleton/ [] []
[2014-12-03 21:54:55] myapp.INFO: < 200 [] []
[2014-12-03 21:54:57] myapp.INFO: Matched route "_name" (parameters: "_controller": "{}", "name": "World", "_route": "_name") [] []
[2014-12-03 21:54:57] myapp.INFO: > GET /skeleton/ [] []
[2014-12-03 21:54:57] myapp.INFO: < 200 [] []
[2014-12-03 21:54:59] myapp.INFO: Matched route "_name" (parameters: "_controller": "{}", "name": "sada", "_route": "_name") [] []
[2014-12-03 21:54:59] myapp.INFO: > GET /skeleton/sada [] []
[2014-12-03 21:54:59] myapp.INFO: < 200 [] []
[2014-12-03 22:16:44] myapp.INFO: Matched route "_name" (parameters: "_controller": "{}", "name": "sada", "_route": "_name") [] []
[2014-12-03 22:16:44] myapp.INFO: > GET /skeleton/sada [] []
[2014-12-03 22:16:44] myapp.INFO: < 200 [] []
[2014-12-03 22:16:46] myapp.INFO: Matched route "_name" (parameters: "_controller": "{}", "name": "sada", "_route": "_name") [] []
[2014-12-03 22:16:46] myapp.INFO: > GET /skeleton/sada [] []
[2014-12-03 22:16:46] myapp.INFO: < 200 [] []
[2014-12-03 22:21:24] myapp.INFO: Matched route "_name" (parameters: "_controller": "{}", "name": "sada", "_route": "_name") [] []
[2014-12-03 22:21:24] myapp.INFO: > GET /skeleton/sada [] []
[2014-12-03 22:21:24] myapp.CRITICAL: Twig_Error_Loader: Template "index.twig" is not defined (). (uncaught exception) at /home/vagrant/www/skeleton/vendor/twig/twig/lib/Twig/Loader/Chain.php line 115 {"exception":"[object] (Twig_Error_Loader: Template \"index.twig\" is not defined (). at /home/vagrant/www/skeleton/vendor/twig/twig/lib/Twig/Loader/Chain.php:115)"} []
[2014-12-03 22:21:24] myapp.INFO: < 500 [] []
[2014-12-03 22:21:25] myapp.INFO: Matched route "_name" (parameters: "_controller": "{}", "name": "sada", "_route": "_name") [] []
[2014-12-03 22:21:25] myapp.INFO: > GET /skeleton/sada [] []
[2014-12-03 22:21:25] myapp.CRITICAL: Twig_Error_Loader: Template "index.twig" is not defined (). (uncaught exception) at /home/vagrant/www/skeleton/vendor/twig/twig/lib/Twig/Loader/Chain.php line 115 {"exception":"[object] (Twig_Error_Loader: Template \"index.twig\" is not defined (). at /home/vagrant/www/skeleton/vendor/twig/twig/lib/Twig/Loader/Chain.php:115)"} []
[2014-12-03 22:21:25] myapp.INFO: < 500 [] []
[2014-12-03 22:21:29] myapp.INFO: Matched route "_name" (parameters: "_controller": "{}", "name": "sada", "_route": "_name") [] []
[2014-12-03 22:21:29] myapp.INFO: > GET /skeleton/sada [] []
[2014-12-03 22:21:29] myapp.CRITICAL: Twig_Error_Loader: Template "index.twig" is not defined (). (uncaught exception) at /home/vagrant/www/skeleton/vendor/twig/twig/lib/Twig/Loader/Chain.php line 115 {"exception":"[object] (Twig_Error_Loader: Template \"index.twig\" is not defined (). at /home/vagrant/www/skeleton/vendor/twig/twig/lib/Twig/Loader/Chain.php:115)"} []
[2014-12-03 22:21:29] myapp.INFO: < 500 [] []
